app/build/intermediates/proguard/release/aapt_rules.txt
# view res/layout/activity_main.xml #generated:10
-keep class android.support.v4.widget.DrawerLayout { <init>(...); }

# view res/layout/abc_action_menu_item_layout.xml #generated:17
-keep class android.support.v7.internal.view.menu.ActionMenuItemView { <init>(...); }

# view res/layout/abc_expanded_menu_layout.xml #generated:17
-keep class android.support.v7.internal.view.menu.ExpandedMenuView { <init>(...); }

# view res/layout/abc_list_menu_item_layout.xml #generated:17
# view res/layout/abc_popup_menu_item_layout.xml #generated:17
-keep class android.support.v7.internal.view.menu.ListMenuItemView { <init>(...); }

# view res/layout/abc_screen_toolbar.xml #generated:27
-keep class android.support.v7.internal.widget.ActionBarContainer { <init>(...); }

# view res/layout/abc_action_mode_bar.xml #generated:19
# view res/layout/abc_screen_toolbar.xml #generated:43
-keep class android.support.v7.internal.widget.ActionBarContextView { <init>(...); }

# view res/layout/abc_screen_toolbar.xml #generated:17
-keep class android.support.v7.internal.widget.ActionBarOverlayLayout { <init>(...); }

# view res/layout/abc_screen_content_include.xml #generated:19
-keep class android.support.v7.internal.widget.ContentFrameLayout { <init>(...); }

# view res/layout/abc_screen_simple_overlay_action_mode.xml #generated:23
-keep class android.support.v7.internal.widget.FitWindowsFrameLayout { <init>(...); }

# view res/layout/abc_screen_simple.xml #generated:17
-keep class android.support.v7.internal.widget.FitWindowsLinearLayout { <init>(...); }

# view v11/res/layout-v11/abc_screen_content_include.xml #generated:19
-keep class android.support.v7.internal.widget.NativeActionModeAwareLayout { <init>(...); }

# view res/layout/abc_action_mode_close_item_material.xml #generated:17
# view res/layout/abc_search_view.xml #generated:116
# view res/layout/abc_search_view.xml #generated:128
# view res/layout/abc_search_view.xml #generated:38
# view res/layout/abc_search_view.xml #generated:60
# view res/layout/abc_search_view.xml #generated:97
-keep class android.support.v7.internal.widget.TintImageView { <init>(...); }

# view res/layout/abc_screen_simple.xml #generated:25
# view res/layout/abc_screen_simple_overlay_action_mode.xml #generated:32
-keep class android.support.v7.internal.widget.ViewStubCompat { <init>(...); }

# view res/layout/abc_action_menu_layout.xml #generated:17
-keep class android.support.v7.widget.ActionMenuView { <init>(...); }

# view res/layout/abc_activity_chooser_view.xml #generated:19
-keep class android.support.v7.widget.LinearLayoutCompat { <init>(...); }

# view res/layout/abc_search_view.xml #generated:78
-keep class android.support.v7.widget.SearchView$SearchAutoComplete { <init>(...); }

# view res/layout/abc_screen_toolbar.xml #generated:36
# view res/layout/activity_main_toolbar.xml #generated:2
-keep class android.support.v7.widget.Toolbar { <init>(...); }

# view AndroidManifest.xml #generated:28
-keep class com.repkap11.runetrack.DownloadIntentService { <init>(...); }

# view AndroidManifest.xml #generated:18
-keep class com.repkap11.runetrack.MainActivity { <init>(...); }

# view res/layout/fragment_content_xp_pi_chart.xml #generated:29
-keep class com.repkap11.runetrack.PiChart { <init>(...); }

# view res/layout/fragment_content_base.xml #generated:30
-keep class com.repkap11.runetrack.SwipeRefreshLoadFailingView { <init>(...); }

# view res/layout/fragment_table_row_high_score.xml #generated:2
# view res/layout/fragment_table_row_user_profile.xml #generated:2
# view res/layout/fragment_table_row_user_progress.xml #generated:2
-keep class com.repkap11.runetrack.TableEntryView { <init>(...); }

# view res/layout/default_header.xml #generated:37
-keep class fr.castorflex.android.smoothprogressbar.SmoothProgressBar { <init>(...); }

# view res/layout/fragment_content_base.xml #generated:14
-keep class uk.co.senab.actionbarpulltorefresh.extras.actionbarcompat.PullToRefreshLayout { <init>(...); }