app/build/outputs/proguard/release/seeds.txt
com.repkap11.runetrack.DataTable
com.repkap11.runetrack.DataTable: android.os.Parcelable$Creator CREATOR
com.repkap11.runetrack.DownloadIntentService
com.repkap11.runetrack.DownloadIntentService: DownloadIntentService()
com.repkap11.runetrack.DrawerHandlingActivity: DrawerHandlingActivity()
com.repkap11.runetrack.MainActivity
com.repkap11.runetrack.MainActivity: MainActivity()
com.repkap11.runetrack.PiChart
com.repkap11.runetrack.PiChart: PiChart(android.content.Context,android.util.AttributeSet)
com.repkap11.runetrack.R$anim: int abc_fade_in
com.repkap11.runetrack.R$anim: int abc_fade_out
com.repkap11.runetrack.R$anim: int abc_slide_in_bottom
com.repkap11.runetrack.R$anim: int abc_slide_in_top
com.repkap11.runetrack.R$anim: int abc_slide_out_bottom
com.repkap11.runetrack.R$anim: int abc_slide_out_top
com.repkap11.runetrack.R$anim: int fade_in
com.repkap11.runetrack.R$anim: int fade_out
com.repkap11.runetrack.R$attr: int actionBarDivider
com.repkap11.runetrack.R$attr: int actionBarItemBackground
com.repkap11.runetrack.R$attr: int actionBarPopupTheme
com.repkap11.runetrack.R$attr: int actionBarSize
com.repkap11.runetrack.R$attr: int actionBarSplitStyle
com.repkap11.runetrack.R$attr: int actionBarStyle
com.repkap11.runetrack.R$attr: int actionBarTabBarStyle
com.repkap11.runetrack.R$attr: int actionBarTabStyle
com.repkap11.runetrack.R$attr: int actionBarTabTextStyle
com.repkap11.runetrack.R$attr: int actionBarTheme
com.repkap11.runetrack.R$attr: int actionBarWidgetTheme
com.repkap11.runetrack.R$attr: int actionButtonStyle
com.repkap11.runetrack.R$attr: int actionDropDownStyle
com.repkap11.runetrack.R$attr: int actionLayout
com.repkap11.runetrack.R$attr: int actionMenuTextAppearance
com.repkap11.runetrack.R$attr: int actionMenuTextColor
com.repkap11.runetrack.R$attr: int actionModeBackground
com.repkap11.runetrack.R$attr: int actionModeCloseButtonStyle
com.repkap11.runetrack.R$attr: int actionModeCloseDrawable
com.repkap11.runetrack.R$attr: int actionModeCopyDrawable
com.repkap11.runetrack.R$attr: int actionModeCutDrawable
com.repkap11.runetrack.R$attr: int actionModeFindDrawable
com.repkap11.runetrack.R$attr: int actionModePasteDrawable
com.repkap11.runetrack.R$attr: int actionModePopupWindowStyle
com.repkap11.runetrack.R$attr: int actionModeSelectAllDrawable
com.repkap11.runetrack.R$attr: int actionModeShareDrawable
com.repkap11.runetrack.R$bool: int abc_action_bar_embed_tabs
com.repkap11.runetrack.R$bool: int abc_action_bar_embed_tabs_pre_jb
com.repkap11.runetrack.R$bool: int abc_action_bar_expanded_action_views_exclusive
com.repkap11.runetrack.R$bool: int abc_config_actionMenuItemAllCaps
com.repkap11.runetrack.R$bool: int abc_config_allowActionMenuItemTextWithIcon
com.repkap11.runetrack.R$bool: int abc_config_showMenuShortcutsWhenKeyboardPresent
com.repkap11.runetrack.R$bool: int spb_default_mirror_mode
com.repkap11.runetrack.R$bool: int spb_default_progressiveStart_activated
com.repkap11.runetrack.R$bool: int spb_default_reversed
...
org.jsoup.nodes.Document$QuirksMode: org.jsoup.nodes.Document$QuirksMode[] values()
org.jsoup.nodes.Document$QuirksMode: org.jsoup.nodes.Document$QuirksMode valueOf(java.lang.String)
org.jsoup.nodes.Entities$EscapeMode: org.jsoup.nodes.Entities$EscapeMode[] values()
org.jsoup.nodes.Entities$EscapeMode: org.jsoup.nodes.Entities$EscapeMode valueOf(java.lang.String)
org.jsoup.parser.HtmlTreeBuilderState: org.jsoup.parser.HtmlTreeBuilderState[] values()
org.jsoup.parser.HtmlTreeBuilderState: org.jsoup.parser.HtmlTreeBuilderState valueOf(java.lang.String)
org.jsoup.parser.Token$TokenType: org.jsoup.parser.Token$TokenType[] values()
org.jsoup.parser.Token$TokenType: org.jsoup.parser.Token$TokenType valueOf(java.lang.String)
org.jsoup.parser.TokeniserState: org.jsoup.parser.TokeniserState[] values()
org.jsoup.parser.TokeniserState: org.jsoup.parser.TokeniserState valueOf(java.lang.String)
uk.co.senab.actionbarpulltorefresh.extras.actionbarcompat.PullToRefreshLayout
uk.co.senab.actionbarpulltorefresh.extras.actionbarcompat.PullToRefreshLayout: PullToRefreshLayout(android.content.Context)
uk.co.senab.actionbarpulltorefresh.extras.actionbarcompat.PullToRefreshLayout: PullToRefreshLayout(android.content.Context,android.util.AttributeSet)
uk.co.senab.actionbarpulltorefresh.extras.actionbarcompat.PullToRefreshLayout: PullToRefreshLayout(android.content.Context,android.util.AttributeSet,int)
uk.co.senab.actionbarpulltorefresh.extras.actionbarcompat.R$anim: int abc_fade_in
uk.co.senab.actionbarpulltorefresh.extras.actionbarcompat.R$anim: int abc_fade_out
uk.co.senab.actionbarpulltorefresh.extras.actionbarcompat.R$anim: int abc_slide_in_bottom
uk.co.senab.actionbarpulltorefresh.extras.actionbarcompat.R$anim: int abc_slide_in_top
uk.co.senab.actionbarpulltorefresh.extras.actionbarcompat.R$anim: int abc_slide_out_bottom
uk.co.senab.actionbarpulltorefresh.extras.actionbarcompat.R$anim: int abc_slide_out_top
uk.co.senab.actionbarpulltorefresh.extras.actionbarcompat.R$anim: int fade_in
uk.co.senab.actionbarpulltorefresh.extras.actionbarcompat.R$anim: int fade_out
uk.co.senab.actionbarpulltorefresh.extras.actionbarcompat.R$attr: int actionBarDivider
uk.co.senab.actionbarpulltorefresh.extras.actionbarcompat.R$attr: int actionBarItemBackground
uk.co.senab.actionbarpulltorefresh.extras.actionbarcompat.R$attr: int actionBarSize
uk.co.senab.actionbarpulltorefresh.extras.actionbarcompat.R$attr: int actionBarSplitStyle
uk.co.senab.actionbarpulltorefresh.extras.actionbarcompat.R$attr: int actionBarStyle
uk.co.senab.actionbarpulltorefresh.extras.actionbarcompat.R$attr: int actionBarTabBarStyle
uk.co.senab.actionbarpulltorefresh.extras.actionbarcompat.R$attr: int actionBarTabStyle
uk.co.senab.actionbarpulltorefresh.extras.actionbarcompat.R$attr: int actionBarTabTextStyle
uk.co.senab.actionbarpulltorefresh.extras.actionbarcompat.R$attr: int actionBarWidgetTheme
uk.co.senab.actionbarpulltorefresh.extras.actionbarcompat.R$attr: int actionButtonStyle
uk.co.senab.actionbarpulltorefresh.extras.actionbarcompat.R$attr: int actionDropDownStyle
uk.co.senab.actionbarpulltorefresh.extras.actionbarcompat.R$attr: int actionLayout
uk.co.senab.actionbarpulltorefresh.extras.actionbarcompat.R$attr: int actionMenuTextAppearance
uk.co.senab.actionbarpulltorefresh.extras.actionbarcompat.R$attr: int actionMenuTextColor
uk.co.senab.actionbarpulltorefresh.extras.actionbarcompat.R$attr: int actionModeBackground
uk.co.senab.actionbarpulltorefresh.extras.actionbarcompat.R$attr: int actionModeCloseButtonStyle