app/build/outputs/proguard/release/mapping.txt
com.repkap11.runetrack.DataTable -> com.repkap11.runetrack.DataTable:
    android.os.Parcelable$Creator CREATOR -> CREATOR
    java.util.ArrayList mListOfItems -> a
    int describeContents() -> describeContents
    void writeToParcel(android.os.Parcel,int) -> writeToParcel
com.repkap11.runetrack.DataTable$1 -> com.repkap11.runetrack.a:
    com.repkap11.runetrack.DataTable createFromParcel(android.os.Parcel) -> a
    com.repkap11.runetrack.DataTable[] newArray(int) -> a
    java.lang.Object[] newArray(int) -> newArray
    java.lang.Object createFromParcel(android.os.Parcel) -> createFromParcel
com.repkap11.runetrack.DataTableBounds -> com.repkap11.runetrack.b:
    int total -> a
    int[] totals -> b
    int imageSize -> c
    int width -> d
    float textSize -> e
com.repkap11.runetrack.DataTableViewHolder -> com.repkap11.runetrack.c:
    java.lang.String TAG -> c
    java.util.ArrayList mTextViews -> a
    android.widget.ImageView mImageView -> b
com.repkap11.runetrack.DownloadIntentService -> com.repkap11.runetrack.DownloadIntentService:
    void onHandleIntent(android.content.Intent) -> onHandleIntent
    void doUserProfileTable(android.content.Intent) -> a
    void doHistoryGraph(android.content.Intent) -> b
    void doXpPiChart(android.content.Intent) -> c
    void doRuneTrackHighScores(android.content.Intent) -> d
    android.content.Intent doGraphParseing(android.content.Intent) -> e
    void doProgressEntries(android.content.Intent,android.content.Intent) -> a
com.repkap11.runetrack.DrawerHandlingActivity -> com.repkap11.runetrack.d:
    java.lang.String TAG -> n
    android.support.v4.widget.DrawerLayout mDrawerLayout -> o
    android.support.v7.app.ActionBarDrawerToggle mDrawerToggle -> p
    java.util.List mUserNamesToShow -> q
    android.widget.ExpandableListView mDrawerList -> r
    android.widget.BaseExpandableListAdapter mAdapter -> s
    android.support.v7.widget.Toolbar mToolbar -> t
    void onCreate(android.os.Bundle) -> onCreate
    void onConfigurationChanged(android.content.res.Configuration) -> onConfigurationChanged
    void onCreateAfterSetContentView(android.os.Bundle) -> a
    java.util.ArrayList getStringArrayPref(android.content.SharedPreferences,java.lang.String) -> a
    void onPostCreate(android.os.Bundle) -> onPostCreate
    boolean onOptionsItemSelected(android.view.MenuItem) -> onOptionsItemSelected
    java.lang.String getFirstUserName() -> k
    void selectRuneTrackHighScores(java.lang.String,int) -> a
    void selectPiChart(java.lang.String) -> b
    void selectHistoryGraph(java.lang.String,int,java.lang.String) -> a
    void selectUserProfileByName(java.lang.String) -> c
    void savePreferences() -> m
    void setStringArrayPref(android.content.SharedPreferences$Editor,java.lang.String,java.util.List) -> a
    java.util.List access$000(com.repkap11.runetrack.DrawerHandlingActivity) -> a
    java.lang.String access$400() -> l
com.repkap11.runetrack.DrawerHandlingActivity$1 -> com.repkap11.runetrack.e:
    com.repkap11.runetrack.DrawerHandlingActivity this$0 -> a
    boolean isChildSelectable(int,int) -> isChildSelectable
    boolean hasStableIds() -> hasStableIds
    android.view.View getGroupView(int,boolean,android.view.View,android.view.ViewGroup) -> getGroupView
    long getGroupId(int) -> getGroupId
    int getGroupCount() -> getGroupCount
    int getChildrenCount(int) -> getChildrenCount
    android.view.View getChildView(int,int,boolean,android.view.View,android.view.ViewGroup) -> getChildView
    java.lang.Object getChild(int,int) -> getChild
    long getChildId(int,int) -> getChildId
    java.lang.Object getGroup(int) -> getGroup
com.repkap11.runetrack.DrawerHandlingActivity$2 -> com.repkap11.runetrack.f:
    com.repkap11.runetrack.DrawerHandlingActivity this$0 -> a
    void onDrawerOpened(android.view.View) -> a
    void onDrawerClosed(android.view.View) -> b
    void onDrawerStateChanged(int) -> a
...
android.support.v7.internal.view.SupportMenuInflater$InflatedOnMenuItemClickListener -> android.support.v7.internal.view.f:
    java.lang.Class[] PARAM_TYPES -> a
    java.lang.Object mRealOwner -> b
    java.lang.reflect.Method mMethod -> c
    boolean onMenuItemClick(android.view.MenuItem) -> onMenuItemClick
android.support.v7.internal.view.SupportMenuInflater$MenuState -> android.support.v7.internal.view.g:
    android.view.Menu menu -> b
    int groupId -> c
    int groupCategory -> d
    int groupOrder -> e
    int groupCheckable -> f
    boolean groupVisible -> g
    boolean groupEnabled -> h
    boolean itemAdded -> i
    int itemId -> j
    int itemCategoryOrder -> k
    java.lang.CharSequence itemTitle -> l
    java.lang.CharSequence itemTitleCondensed -> m
    int itemIconResId -> n
    char itemAlphabeticShortcut -> o
    char itemNumericShortcut -> p
    int itemCheckable -> q
    boolean itemChecked -> r
    boolean itemVisible -> s
    boolean itemEnabled -> t
    int itemShowAsAction -> u
    int itemActionViewLayout -> v
    java.lang.String itemActionViewClassName -> w
    java.lang.String itemActionProviderClassName -> x
    java.lang.String itemListenerMethodName -> y
    android.support.v4.view.ActionProvider itemActionProvider -> z
    android.support.v7.internal.view.SupportMenuInflater this$0 -> a
    void resetGroup() -> a
    void readGroup(android.util.AttributeSet) -> a
    void readItem(android.util.AttributeSet) -> b
    char getShortcut(java.lang.String) -> a
    void setItem(android.view.MenuItem) -> a
    void addItem() -> b
    android.view.SubMenu addSubMenuItem() -> c
    boolean hasAddedItem() -> d
    java.lang.Object newInstance(java.lang.String,java.lang.Class[],java.lang.Object[]) -> a
android.support.v7.internal.view.ViewPropertyAnimatorCompatSet -> android.support.v7.internal.view.h:
    java.util.ArrayList mAnimators -> a
    long mDuration -> b
    android.view.animation.Interpolator mInterpolator -> c
    android.support.v4.view.ViewPropertyAnimatorListener mListener -> d
    boolean mIsStarted -> e
    android.support.v4.view.ViewPropertyAnimatorListenerAdapter mProxyListener -> f
    android.support.v7.internal.view.ViewPropertyAnimatorCompatSet play(android.support.v4.view.ViewPropertyAnimatorCompat) -> a
    void start() -> a
    void onAnimationsEnded() -> c
    void cancel() -> b
    android.support.v7.internal.view.ViewPropertyAnimatorCompatSet setDuration(long) -> a
    android.support.v7.internal.view.ViewPropertyAnimatorCompatSet setInterpolator(android.view.animation.Interpolator) -> a
    android.support.v7.internal.view.ViewPropertyAnimatorCompatSet setListener(android.support.v4.view.ViewPropertyAnimatorListener) -> a
    android.support.v4.view.ViewPropertyAnimatorListener access$000(android.support.v7.internal.view.ViewPropertyAnimatorCompatSet) -> a
    void access$100(android.support.v7.internal.view.ViewPropertyAnimatorCompatSet) -> b
    java.util.ArrayList access$200(android.support.v7.internal.view.ViewPropertyAnimatorCompatSet) -> c
android.support.v7.internal.view.ViewPropertyAnimatorCompatSet$1 -> android.support.v7.internal.view.i:
    boolean mProxyStarted -> b
    int mProxyEndCount -> c
    android.support.v7.internal.view.ViewPropertyAnimatorCompatSet this$0 -> a
    void onAnimationStart(android.view.View) -> a
    void onEnd() -> a
    void onAnimationEnd(android.view.View) -> b