app/build/outputs/proguard/release/usage.txt
com.repkap11.runetrack.BuildConfig
com.repkap11.runetrack.DownloadIntentService:
    public static final java.lang.String PARAM_USERNAME
    public static final java.lang.String PARAM_SKILL_NUMBER
    public static final java.lang.String PARAM_USER_PROFILE_TABLE
    public static final java.lang.String PARAM_HISTORY_GRAPH
    public static final java.lang.String PARAM_XP_PI_CHART
    public static final java.lang.String PARAM_WHICH_DATA
    public static final java.lang.String PARAM_USER_PROFILE_TABLE2
    public static final java.lang.String PARAM_XP_COLORS
    public static final java.lang.String PARAM_XP_PER_SKILL
    public static final java.lang.String PARAM_XP_SKILL_NAMES
    public static final java.lang.String PARAM_XP_USER_GAINED_NO_XP
    public static final java.lang.String PARAM_PROGRESS_ENTRIES
    public static final java.lang.String PARAM_SKILL_NAME
    public static final java.lang.String PARAM_PAGE_NUMBER
    public static final java.lang.String PARAM_RUNETRACK_HIGH_SCORES
    public static final java.lang.String PARAM_HIGH_SCORES_ENTRIES
    private static final int TIMEOUT
    private static final java.lang.String TAG
com.repkap11.runetrack.DrawerHandlingActivity:
    public static final java.lang.String DRAWER_IS_USER
    public static final java.lang.String DRAWER_IS_RUNETRACK_HIGH_SCORES
    public static final java.lang.String DRAWER_IS_ADD_USER
    private static final java.lang.String USER_PROFILE_NAMES
com.repkap11.runetrack.MainActivity:
    public static final java.lang.String ARG_USERNAME
    public static final java.lang.String ARG_SKILL_NUMBER
    public static final java.lang.String ARG_SKILL_NAME
    public static final java.lang.String ARG_PAGE_NUMBER
    public static final java.lang.String ARG_IS_SHOWING_HIGHSCORES
    public static final java.lang.String TAG
    public static final java.lang.String FRAGMENT_TAG
    212:216:private void showInputMethod(android.view.View)
    226:229:public boolean canFragmentScrollUp()
com.repkap11.runetrack.MainActivity$1:
    176:176:public boolean onQueryTextChange(java.lang.String)
com.repkap11.runetrack.PiChart:
    private static final java.lang.String TAG
com.repkap11.runetrack.R:
    10:2309:public R()
com.repkap11.runetrack.R$anim
com.repkap11.runetrack.R$attr
com.repkap11.runetrack.R$bool
com.repkap11.runetrack.R$color
com.repkap11.runetrack.R$dimen
com.repkap11.runetrack.R$drawable
com.repkap11.runetrack.R$id
com.repkap11.runetrack.R$integer
com.repkap11.runetrack.R$layout
com.repkap11.runetrack.R$menu
com.repkap11.runetrack.R$string
com.repkap11.runetrack.R$style
com.repkap11.runetrack.R$styleable:
    2309:2309:public R$styleable()
com.repkap11.runetrack.fragments.FragmentBase:
    protected static final int SWITCHED_VIEW_SPINNER
    protected static final int SWITCHED_VIEW_RETRY
    protected static final int SWITCHED_VIEW_CONTENT
    protected static final int IMAGE_CHAR_SIZE
    private static final java.lang.String TAG
    private android.widget.TextView failureRetryButton
    103:107:public static void makeTextViewHyperlink(android.widget.TextView)
    protected abstract boolean isWaitingForData()
    112:113:private void failureRetryOnClick(android.view.View)
    public abstract boolean canScrollUp()
com.repkap11.runetrack.fragments.RuneTrackHighScoresFragment:
    public static final java.lang.String TAG
    90:90:protected boolean isWaitingForData()
    100:100:public boolean canScrollUp()
com.repkap11.runetrack.fragments.UserProfileFragment:
    private static final java.lang.String TAG
    88:88:protected boolean isWaitingForData()
    97:97:public boolean canScrollUp()
com.repkap11.runetrack.fragments.UserProgressFragment:
    public static final java.lang.String TAG
    104:104:protected boolean isWaitingForData()
    114:114:public boolean canScrollUp()
...
android.support.v4.app.NotificationManagerCompat$ServiceConnectedEvent
android.support.v4.app.NotificationManagerCompat$SideChannelManager
android.support.v4.app.NotificationManagerCompat$SideChannelManager$ListenerRecord
android.support.v4.app.NotificationManagerCompat$Task
android.support.v4.app.NotificationManagerCompatEclair
android.support.v4.app.NotificationManagerCompatIceCreamSandwich
android.support.v4.app.RemoteInput
android.support.v4.app.RemoteInput$1
android.support.v4.app.RemoteInput$Builder
android.support.v4.app.RemoteInput$Impl
android.support.v4.app.RemoteInput$ImplApi20
android.support.v4.app.RemoteInput$ImplBase
android.support.v4.app.RemoteInput$ImplJellybean
android.support.v4.app.RemoteInputCompatApi20
android.support.v4.app.RemoteInputCompatBase
android.support.v4.app.RemoteInputCompatBase$RemoteInput
android.support.v4.app.RemoteInputCompatBase$RemoteInput$Factory
android.support.v4.app.RemoteInputCompatJellybean
android.support.v4.app.ServiceCompat
android.support.v4.app.ShareCompat
android.support.v4.app.ShareCompat$IntentBuilder
android.support.v4.app.ShareCompat$IntentReader
android.support.v4.app.ShareCompat$ShareCompatImpl
android.support.v4.app.ShareCompat$ShareCompatImplBase
android.support.v4.app.ShareCompat$ShareCompatImplICS
android.support.v4.app.ShareCompat$ShareCompatImplJB
android.support.v4.app.ShareCompatICS
android.support.v4.app.ShareCompatJB
android.support.v4.app.SharedElementCallback:
    private android.graphics.Matrix mTempMatrix
    39:39:public SharedElementCallback()
    106:106:public void onRejectSharedElements(java.util.List)
    141:155:public android.os.Parcelable onCaptureSharedElementSnapshot(android.view.View,android.graphics.Matrix,android.graphics.RectF)
    176:182:public android.view.View onCreateSnapshotView(android.content.Context,android.os.Parcelable)
android.support.v4.app.TaskStackBuilder:
    private static final java.lang.String TAG
    150:150:public static android.support.v4.app.TaskStackBuilder from(android.content.Context)
    178:186:public android.support.v4.app.TaskStackBuilder addNextIntentWithParentStack(android.content.Intent)
    226:226:public android.support.v4.app.TaskStackBuilder addParentStack(java.lang.Class)
    256:256:public int getIntentCount()
    270:270:public android.content.Intent getIntent(int)
    282:282:public android.content.Intent editIntentAt(int)
    344:344:public android.app.PendingIntent getPendingIntent(int,int)
    361:371:public android.app.PendingIntent getPendingIntent(int,int,android.os.Bundle)
    382:391:public android.content.Intent[] getIntents()
android.support.v4.app.TaskStackBuilder$TaskStackBuilderImpl:
    public abstract android.app.PendingIntent getPendingIntent(android.content.Context,android.content.Intent[],int,int,android.os.Bundle)
android.support.v4.app.TaskStackBuilder$TaskStackBuilderImplBase:
    84:86:public android.app.PendingIntent getPendingIntent(android.content.Context,android.content.Intent[],int,int,android.os.Bundle)
android.support.v4.app.TaskStackBuilder$TaskStackBuilderImplHoneycomb:
    93:96:public android.app.PendingIntent getPendingIntent(android.content.Context,android.content.Intent[],int,int,android.os.Bundle)
android.support.v4.app.TaskStackBuilder$TaskStackBuilderImplJellybean
android.support.v4.app.TaskStackBuilderHoneycomb
android.support.v4.app.TaskStackBuilderJellybean
android.support.v4.content.AsyncTaskLoader
android.support.v4.content.AsyncTaskLoader$LoadTask